[2022-10-24T21:50:37.177+0000] {taskinstance.py:1165} INFO - Dependencies all met for <TaskInstance: sales_datawarehouse.insert_funcionarios manual__2022-10-24T21:40:20.116850+00:00 [queued]>
[2022-10-24T21:50:37.194+0000] {taskinstance.py:1165} INFO - Dependencies all met for <TaskInstance: sales_datawarehouse.insert_funcionarios manual__2022-10-24T21:40:20.116850+00:00 [queued]>
[2022-10-24T21:50:37.195+0000] {taskinstance.py:1362} INFO - 
--------------------------------------------------------------------------------
[2022-10-24T21:50:37.195+0000] {taskinstance.py:1363} INFO - Starting attempt 3 of 4
[2022-10-24T21:50:37.196+0000] {taskinstance.py:1364} INFO - 
--------------------------------------------------------------------------------
[2022-10-24T21:50:37.218+0000] {taskinstance.py:1383} INFO - Executing <Task(PythonOperator): insert_funcionarios> on 2022-10-24 21:40:20.116850+00:00
[2022-10-24T21:50:37.223+0000] {standard_task_runner.py:54} INFO - Started process 22919 to run task
[2022-10-24T21:50:37.227+0000] {standard_task_runner.py:82} INFO - Running: ['***', 'tasks', 'run', 'sales_datawarehouse', 'insert_funcionarios', 'manual__2022-10-24T21:40:20.116850+00:00', '--job-id', '412', '--raw', '--subdir', 'DAGS_FOLDER/sales_dw.py', '--cfg-path', '/tmp/tmp8ifx9fn3']
[2022-10-24T21:50:37.229+0000] {standard_task_runner.py:83} INFO - Job 412: Subtask insert_funcionarios
[2022-10-24T21:50:37.230+0000] {dagbag.py:525} INFO - Filling up the DagBag from /opt/***/dags/sales_dw.py
[2022-10-24T21:50:38.189+0000] {task_command.py:384} INFO - Running <TaskInstance: sales_datawarehouse.insert_funcionarios manual__2022-10-24T21:40:20.116850+00:00 [running]> on host 83cd0ab98720
[2022-10-24T21:50:38.389+0000] {taskinstance.py:1592} INFO - Exporting the following env vars:
AIRFLOW_CTX_DAG_OWNER=pedromenegat
AIRFLOW_CTX_DAG_ID=sales_datawarehouse
AIRFLOW_CTX_TASK_ID=insert_funcionarios
AIRFLOW_CTX_EXECUTION_DATE=2022-10-24T21:40:20.116850+00:00
AIRFLOW_CTX_TRY_NUMBER=3
AIRFLOW_CTX_DAG_RUN_ID=manual__2022-10-24T21:40:20.116850+00:00
[2022-10-24T21:50:38.661+0000] {taskinstance.py:1851} ERROR - Task failed with exception
Traceback (most recent call last):
  File "/home/airflow/.local/lib/python3.7/site-packages/sqlalchemy/engine/base.py", line 1803, in _execute_context
    cursor, statement, parameters, context
  File "/home/airflow/.local/lib/python3.7/site-packages/sqlalchemy/engine/default.py", line 719, in do_execute
    cursor.execute(statement, parameters)
psycopg2.errors.DependentObjectsStillExist: cannot drop table funcionarios because other objects depend on it
DETAIL:  constraint vendas_id_funcionario_fkey on table vendas depends on table funcionarios
HINT:  Use DROP ... CASCADE to drop the dependent objects too.


The above exception was the direct cause of the following exception:

Traceback (most recent call last):
  File "/home/airflow/.local/lib/python3.7/site-packages/airflow/operators/python.py", line 175, in execute
    return_value = self.execute_callable()
  File "/home/airflow/.local/lib/python3.7/site-packages/airflow/operators/python.py", line 193, in execute_callable
    return self.python_callable(*self.op_args, **self.op_kwargs)
  File "/opt/airflow/dags/sales_dw.py", line 53, in insert_funcionarios
    funcionarios_df.to_sql('funcionarios', engine, if_exists='replace', index=False)
  File "/home/airflow/.local/lib/python3.7/site-packages/pandas/core/generic.py", line 2882, in to_sql
    method=method,
  File "/home/airflow/.local/lib/python3.7/site-packages/pandas/io/sql.py", line 728, in to_sql
    **engine_kwargs,
  File "/home/airflow/.local/lib/python3.7/site-packages/pandas/io/sql.py", line 1758, in to_sql
    dtype=dtype,
  File "/home/airflow/.local/lib/python3.7/site-packages/pandas/io/sql.py", line 1650, in prep_table
    table.create()
  File "/home/airflow/.local/lib/python3.7/site-packages/pandas/io/sql.py", line 860, in create
    self.pd_sql.drop_table(self.name, self.schema)
  File "/home/airflow/.local/lib/python3.7/site-packages/pandas/io/sql.py", line 1810, in drop_table
    self.get_table(table_name, schema).drop()
  File "/home/airflow/.local/lib/python3.7/site-packages/sqlalchemy/sql/schema.py", line 967, in drop
    bind._run_ddl_visitor(ddl.SchemaDropper, self, checkfirst=checkfirst)
  File "/home/airflow/.local/lib/python3.7/site-packages/sqlalchemy/engine/base.py", line 3110, in _run_ddl_visitor
    conn._run_ddl_visitor(visitorcallable, element, **kwargs)
  File "/home/airflow/.local/lib/python3.7/site-packages/sqlalchemy/engine/base.py", line 2113, in _run_ddl_visitor
    visitorcallable(self.dialect, self, **kwargs).traverse_single(element)
  File "/home/airflow/.local/lib/python3.7/site-packages/sqlalchemy/sql/visitors.py", line 524, in traverse_single
    return meth(obj, **kw)
  File "/home/airflow/.local/lib/python3.7/site-packages/sqlalchemy/sql/ddl.py", line 1097, in visit_table
    self.connection.execute(DropTable(table))
  File "/home/airflow/.local/lib/python3.7/site-packages/sqlalchemy/engine/base.py", line 1289, in execute
    return meth(self, multiparams, params, _EMPTY_EXECUTION_OPTS)
  File "/home/airflow/.local/lib/python3.7/site-packages/sqlalchemy/sql/ddl.py", line 78, in _execute_on_connection
    self, multiparams, params, execution_options
  File "/home/airflow/.local/lib/python3.7/site-packages/sqlalchemy/engine/base.py", line 1387, in _execute_ddl
    compiled,
  File "/home/airflow/.local/lib/python3.7/site-packages/sqlalchemy/engine/base.py", line 1846, in _execute_context
    e, statement, parameters, cursor, context
  File "/home/airflow/.local/lib/python3.7/site-packages/sqlalchemy/engine/base.py", line 2027, in _handle_dbapi_exception
    sqlalchemy_exception, with_traceback=exc_info[2], from_=e
  File "/home/airflow/.local/lib/python3.7/site-packages/sqlalchemy/util/compat.py", line 207, in raise_
    raise exception
  File "/home/airflow/.local/lib/python3.7/site-packages/sqlalchemy/engine/base.py", line 1803, in _execute_context
    cursor, statement, parameters, context
  File "/home/airflow/.local/lib/python3.7/site-packages/sqlalchemy/engine/default.py", line 719, in do_execute
    cursor.execute(statement, parameters)
sqlalchemy.exc.InternalError: (psycopg2.errors.DependentObjectsStillExist) cannot drop table funcionarios because other objects depend on it
DETAIL:  constraint vendas_id_funcionario_fkey on table vendas depends on table funcionarios
HINT:  Use DROP ... CASCADE to drop the dependent objects too.

[SQL: 
DROP TABLE funcionarios]
(Background on this error at: https://sqlalche.me/e/14/2j85)
[2022-10-24T21:50:38.753+0000] {taskinstance.py:1406} INFO - Marking task as UP_FOR_RETRY. dag_id=sales_datawarehouse, task_id=insert_funcionarios, execution_date=20221024T214020, start_date=20221024T215037, end_date=20221024T215038
[2022-10-24T21:50:38.803+0000] {standard_task_runner.py:107} ERROR - Failed to execute job 412 for task insert_funcionarios ((psycopg2.errors.DependentObjectsStillExist) cannot drop table funcionarios because other objects depend on it
DETAIL:  constraint vendas_id_funcionario_fkey on table vendas depends on table funcionarios
HINT:  Use DROP ... CASCADE to drop the dependent objects too.

[SQL: 
DROP TABLE funcionarios]
(Background on this error at: https://sqlalche.me/e/14/2j85); 22919)
[2022-10-24T21:50:38.847+0000] {local_task_job.py:164} INFO - Task exited with return code 1
[2022-10-24T21:50:38.942+0000] {local_task_job.py:273} INFO - 0 downstream tasks scheduled from follow-on schedule check
