[2022-10-24T22:45:22.213+0000] {taskinstance.py:1165} INFO - Dependencies all met for <TaskInstance: sales_datawarehouse.insert_vendas manual__2022-10-24T22:35:47.983631+00:00 [queued]>
[2022-10-24T22:45:22.237+0000] {taskinstance.py:1165} INFO - Dependencies all met for <TaskInstance: sales_datawarehouse.insert_vendas manual__2022-10-24T22:35:47.983631+00:00 [queued]>
[2022-10-24T22:45:22.238+0000] {taskinstance.py:1362} INFO - 
--------------------------------------------------------------------------------
[2022-10-24T22:45:22.239+0000] {taskinstance.py:1363} INFO - Starting attempt 1 of 2
[2022-10-24T22:45:22.240+0000] {taskinstance.py:1364} INFO - 
--------------------------------------------------------------------------------
[2022-10-24T22:45:22.280+0000] {taskinstance.py:1383} INFO - Executing <Task(PythonOperator): insert_vendas> on 2022-10-24 22:35:47.983631+00:00
[2022-10-24T22:45:22.285+0000] {standard_task_runner.py:54} INFO - Started process 26366 to run task
[2022-10-24T22:45:22.292+0000] {standard_task_runner.py:82} INFO - Running: ['***', 'tasks', 'run', 'sales_datawarehouse', 'insert_vendas', 'manual__2022-10-24T22:35:47.983631+00:00', '--job-id', '513', '--raw', '--subdir', 'DAGS_FOLDER/sales_dw.py', '--cfg-path', '/tmp/tmppx058hys']
[2022-10-24T22:45:22.295+0000] {standard_task_runner.py:83} INFO - Job 513: Subtask insert_vendas
[2022-10-24T22:45:22.298+0000] {dagbag.py:525} INFO - Filling up the DagBag from /opt/***/dags/sales_dw.py
[2022-10-24T22:45:22.981+0000] {task_command.py:384} INFO - Running <TaskInstance: sales_datawarehouse.insert_vendas manual__2022-10-24T22:35:47.983631+00:00 [running]> on host 83cd0ab98720
[2022-10-24T22:45:23.077+0000] {taskinstance.py:1592} INFO - Exporting the following env vars:
AIRFLOW_CTX_DAG_OWNER=pedromenegat
AIRFLOW_CTX_DAG_ID=sales_datawarehouse
AIRFLOW_CTX_TASK_ID=insert_vendas
AIRFLOW_CTX_EXECUTION_DATE=2022-10-24T22:35:47.983631+00:00
AIRFLOW_CTX_TRY_NUMBER=1
AIRFLOW_CTX_DAG_RUN_ID=manual__2022-10-24T22:35:47.983631+00:00
[2022-10-24T22:45:23.260+0000] {taskinstance.py:1851} ERROR - Task failed with exception
Traceback (most recent call last):
  File "/home/airflow/.local/lib/python3.7/site-packages/sqlalchemy/engine/base.py", line 1783, in _execute_context
    cursor, statement, parameters, context
  File "/home/airflow/.local/lib/python3.7/site-packages/sqlalchemy/dialects/postgresql/psycopg2.py", line 957, in do_executemany
    **kwargs
  File "/home/airflow/.local/lib/python3.7/site-packages/psycopg2/extras.py", line 1270, in execute_values
    cur.execute(b''.join(parts))
psycopg2.errors.DatatypeMismatch: column "data_venda" is of type date but expression is of type bigint
LINE 1: ...id_categoria, data_venda, venda) VALUES (1, 1, 1, 1506816000...
                                                             ^
HINT:  You will need to rewrite or cast the expression.


The above exception was the direct cause of the following exception:

Traceback (most recent call last):
  File "/home/airflow/.local/lib/python3.7/site-packages/airflow/operators/python.py", line 175, in execute
    return_value = self.execute_callable()
  File "/home/airflow/.local/lib/python3.7/site-packages/airflow/operators/python.py", line 193, in execute_callable
    return self.python_callable(*self.op_args, **self.op_kwargs)
  File "/opt/airflow/dags/sales_dw.py", line 71, in insert_vendas
    vendas_df.to_sql('vendas', engine, if_exists='append', index=False)
  File "/home/airflow/.local/lib/python3.7/site-packages/pandas/core/generic.py", line 2882, in to_sql
    method=method,
  File "/home/airflow/.local/lib/python3.7/site-packages/pandas/io/sql.py", line 728, in to_sql
    **engine_kwargs,
  File "/home/airflow/.local/lib/python3.7/site-packages/pandas/io/sql.py", line 1770, in to_sql
    **engine_kwargs,
  File "/home/airflow/.local/lib/python3.7/site-packages/pandas/io/sql.py", line 1350, in insert_records
    raise err
  File "/home/airflow/.local/lib/python3.7/site-packages/pandas/io/sql.py", line 1340, in insert_records
    table.insert(chunksize=chunksize, method=method)
  File "/home/airflow/.local/lib/python3.7/site-packages/pandas/io/sql.py", line 967, in insert
    exec_insert(conn, keys, chunk_iter)
  File "/home/airflow/.local/lib/python3.7/site-packages/pandas/io/sql.py", line 882, in _execute_insert
    conn.execute(self.table.insert(), data)
  File "/home/airflow/.local/lib/python3.7/site-packages/sqlalchemy/engine/base.py", line 1289, in execute
    return meth(self, multiparams, params, _EMPTY_EXECUTION_OPTS)
  File "/home/airflow/.local/lib/python3.7/site-packages/sqlalchemy/sql/elements.py", line 326, in _execute_on_connection
    self, multiparams, params, execution_options
  File "/home/airflow/.local/lib/python3.7/site-packages/sqlalchemy/engine/base.py", line 1491, in _execute_clauseelement
    cache_hit=cache_hit,
  File "/home/airflow/.local/lib/python3.7/site-packages/sqlalchemy/engine/base.py", line 1846, in _execute_context
    e, statement, parameters, cursor, context
  File "/home/airflow/.local/lib/python3.7/site-packages/sqlalchemy/engine/base.py", line 2027, in _handle_dbapi_exception
    sqlalchemy_exception, with_traceback=exc_info[2], from_=e
  File "/home/airflow/.local/lib/python3.7/site-packages/sqlalchemy/util/compat.py", line 207, in raise_
    raise exception
  File "/home/airflow/.local/lib/python3.7/site-packages/sqlalchemy/engine/base.py", line 1783, in _execute_context
    cursor, statement, parameters, context
  File "/home/airflow/.local/lib/python3.7/site-packages/sqlalchemy/dialects/postgresql/psycopg2.py", line 957, in do_executemany
    **kwargs
  File "/home/airflow/.local/lib/python3.7/site-packages/psycopg2/extras.py", line 1270, in execute_values
    cur.execute(b''.join(parts))
sqlalchemy.exc.ProgrammingError: (psycopg2.errors.DatatypeMismatch) column "data_venda" is of type date but expression is of type bigint
LINE 1: ...id_categoria, data_venda, venda) VALUES (1, 1, 1, 1506816000...
                                                             ^
HINT:  You will need to rewrite or cast the expression.

[SQL: INSERT INTO vendas (id_venda, id_funcionario, id_categoria, data_venda, venda) VALUES (%(id_venda)s, %(id_funcionario)s, %(id_categoria)s, %(data_venda)s, %(venda)s)]
[parameters: ({'id_venda': 1, 'id_funcionario': 1, 'id_categoria': 1, 'data_venda': 1506816000000, 'venda': 21636}, {'id_venda': 2, 'id_funcionario': 1, 'id_categoria': 4, 'data_venda': 1526083200000, 'venda': 3312}, {'id_venda': 3, 'id_funcionario': 1, 'id_categoria': 3, 'data_venda': 1548979200000, 'venda': 11778}, {'id_venda': 4, 'id_funcionario': 1, 'id_categoria': 4, 'data_venda': 1552262400000, 'venda': 2554}, {'id_venda': 5, 'id_funcionario': 1, 'id_categoria': 3, 'data_venda': 1536278400000, 'venda': 4425}, {'id_venda': 6, 'id_funcionario': 1, 'id_categoria': 1, 'data_venda': 1485993600000, 'venda': 12336}, {'id_venda': 7, 'id_funcionario': 1, 'id_categoria': 6, 'data_venda': 1491782400000, 'venda': 32782}, {'id_venda': 8, 'id_funcionario': 1, 'id_categoria': 1, 'data_venda': 1493683200000, 'venda': 46317}  ... displaying 10 of 1017 total bound parameter sets ...  {'id_venda': 1016, 'id_funcionario': 9, 'id_categoria': 4, 'data_venda': 1580688000000, 'venda': 204}, {'id_venda': 1017, 'id_funcionario': 9, 'id_categoria': 7, 'data_venda': 1507248000000, 'venda': 1275})]
(Background on this error at: https://sqlalche.me/e/14/f405)
[2022-10-24T22:45:23.279+0000] {taskinstance.py:1406} INFO - Marking task as UP_FOR_RETRY. dag_id=sales_datawarehouse, task_id=insert_vendas, execution_date=20221024T223547, start_date=20221024T224522, end_date=20221024T224523
[2022-10-24T22:45:23.299+0000] {standard_task_runner.py:107} ERROR - Failed to execute job 513 for task insert_vendas ((psycopg2.errors.DatatypeMismatch) column "data_venda" is of type date but expression is of type bigint
LINE 1: ...id_categoria, data_venda, venda) VALUES (1, 1, 1, 1506816000...
                                                             ^
HINT:  You will need to rewrite or cast the expression.

[SQL: INSERT INTO vendas (id_venda, id_funcionario, id_categoria, data_venda, venda) VALUES (%(id_venda)s, %(id_funcionario)s, %(id_categoria)s, %(data_venda)s, %(venda)s)]
[parameters: ({'id_venda': 1, 'id_funcionario': 1, 'id_categoria': 1, 'data_venda': 1506816000000, 'venda': 21636}, {'id_venda': 2, 'id_funcionario': 1, 'id_categoria': 4, 'data_venda': 1526083200000, 'venda': 3312}, {'id_venda': 3, 'id_funcionario': 1, 'id_categoria': 3, 'data_venda': 1548979200000, 'venda': 11778}, {'id_venda': 4, 'id_funcionario': 1, 'id_categoria': 4, 'data_venda': 1552262400000, 'venda': 2554}, {'id_venda': 5, 'id_funcionario': 1, 'id_categoria': 3, 'data_venda': 1536278400000, 'venda': 4425}, {'id_venda': 6, 'id_funcionario': 1, 'id_categoria': 1, 'data_venda': 1485993600000, 'venda': 12336}, {'id_venda': 7, 'id_funcionario': 1, 'id_categoria': 6, 'data_venda': 1491782400000, 'venda': 32782}, {'id_venda': 8, 'id_funcionario': 1, 'id_categoria': 1, 'data_venda': 1493683200000, 'venda': 46317}  ... displaying 10 of 1017 total bound parameter sets ...  {'id_venda': 1016, 'id_funcionario': 9, 'id_categoria': 4, 'data_venda': 1580688000000, 'venda': 204}, {'id_venda': 1017, 'id_funcionario': 9, 'id_categoria': 7, 'data_venda': 1507248000000, 'venda': 1275})]
(Background on this error at: https://sqlalche.me/e/14/f405); 26366)
[2022-10-24T22:45:23.347+0000] {local_task_job.py:164} INFO - Task exited with return code 1
[2022-10-24T22:45:23.373+0000] {local_task_job.py:273} INFO - 0 downstream tasks scheduled from follow-on schedule check
